[ 2016-06-01T12:59:29+08:00 ] ::1 /dulifenzu/index.php/Admin/Blog/.html
INFO: [ app_init ] --START--
INFO: Run Behavior\BuildLiteBehavior [ RunTime:0.000056s ]
INFO: [ app_init ] --END-- [ RunTime:0.003709s ]
INFO: [ app_begin ] --START--
INFO: Run Behavior\ReadHtmlCacheBehavior [ RunTime:0.001553s ]
INFO: [ app_begin ] --END-- [ RunTime:0.001766s ]
SQL: SHOW COLUMNS FROM `th_blog` [ RunTime:0.2534s ]
SQL: SELECT `id`,`title`,`content`,`time`,`cid`,`num` FROM `th_blog` WHERE `isset` = 0  [ RunTime:0.0025s ]
SQL: SHOW COLUMNS FROM `th_attr` [ RunTime:0.0088s ]
NOTIC: [8] Undefined index: mapping_order E:\Demo\dulifenzu\ThinkPHP\Library\Think\Model\RelationModel.class.php 第 188 行.
NOTIC: [8] Undefined index: mapping_limit E:\Demo\dulifenzu\ThinkPHP\Library\Think\Model\RelationModel.class.php 第 189 行.
SQL: SELECT b.* FROM th_blog_attr AS a, th_attr AS b WHERE a.attr_id = b.id AND a. blog_id='1' [ RunTime:0.0029s ]
SQL: SHOW COLUMNS FROM `th_cate` [ RunTime:0.0106s ]
SQL: SELECT * FROM `th_cate` WHERE ( 1=1 AND id='4' ) LIMIT 1   [ RunTime:0.0005s ]
NOTIC: [8] Undefined index: mapping_order E:\Demo\dulifenzu\ThinkPHP\Library\Think\Model\RelationModel.class.php 第 188 行.
NOTIC: [8] Undefined index: mapping_limit E:\Demo\dulifenzu\ThinkPHP\Library\Think\Model\RelationModel.class.php 第 189 行.
SQL: SELECT b.* FROM th_blog_attr AS a, th_attr AS b WHERE a.attr_id = b.id AND a. blog_id='2' [ RunTime:0.0005s ]
SQL: SELECT * FROM `th_cate` WHERE ( 1=1 AND id='8' ) LIMIT 1   [ RunTime:0.0004s ]
NOTIC: [8] Undefined index: mapping_order E:\Demo\dulifenzu\ThinkPHP\Library\Think\Model\RelationModel.class.php 第 188 行.
NOTIC: [8] Undefined index: mapping_limit E:\Demo\dulifenzu\ThinkPHP\Library\Think\Model\RelationModel.class.php 第 189 行.
SQL: SELECT b.* FROM th_blog_attr AS a, th_attr AS b WHERE a.attr_id = b.id AND a. blog_id='3' [ RunTime:0.0005s ]
SQL: SELECT * FROM `th_cate` WHERE ( 1=1 AND id='6' ) LIMIT 1   [ RunTime:0.0004s ]
NOTIC: [8] Undefined index: mapping_order E:\Demo\dulifenzu\ThinkPHP\Library\Think\Model\RelationModel.class.php 第 188 行.
NOTIC: [8] Undefined index: mapping_limit E:\Demo\dulifenzu\ThinkPHP\Library\Think\Model\RelationModel.class.php 第 189 行.
SQL: SELECT b.* FROM th_blog_attr AS a, th_attr AS b WHERE a.attr_id = b.id AND a. blog_id='4' [ RunTime:0.0008s ]
SQL: SELECT * FROM `th_cate` WHERE ( 1=1 AND id='7' ) LIMIT 1   [ RunTime:0.0005s ]
INFO: [ view_parse ] --START--
INFO: [ template_filter ] --START--
INFO: Run Behavior\ContentReplaceBehavior [ RunTime:0.001004s ]
INFO: [ template_filter ] --END-- [ RunTime:0.001159s ]
NOTIC: [2] Missing argument 1 for Admin\Widget\HotWidget::menu() E:\Demo\dulifenzu\Application\Admin\Widget\HotWidget.class.php 第 12 行.
SQL: SHOW COLUMNS FROM `th_cate` [ RunTime:0.0076s ]
SQL: SELECT * FROM `th_cate` ORDER BY sort  [ RunTime:0.0004s ]
INFO: [ view_parse ] --START--
INFO: [ template_filter ] --START--
INFO: Run Behavior\ContentReplaceBehavior [ RunTime:0.000066s ]
INFO: [ template_filter ] --END-- [ RunTime:-0.023834s ]
NOTIC: [8] Undefined index: child2 E:\Demo\dulifenzu\Application\Runtime\Cache\Admin\f02ed16965d86695d729ddb30813660c.php 第 67 行.
NOTIC: [8] Undefined index: child2 E:\Demo\dulifenzu\Application\Runtime\Cache\Admin\f02ed16965d86695d729ddb30813660c.php 第 67 行.
INFO: Run Behavior\ParseTemplateBehavior [ RunTime:0.008877s ]
INFO: [ view_parse ] --END-- [ RunTime:0.009086s ]
INFO: [ view_filter ] --START--
INFO: Run Behavior\WriteHtmlCacheBehavior [ RunTime:0.001256s ]
INFO: [ view_filter ] --END-- [ RunTime:0.001422s ]
NOTIC: [8] Undefined variable: date E:\Demo\dulifenzu\Application\Runtime\Cache\Admin\89e99d0d2b381951e18954c1486fc18f.php 第 32 行.
NOTIC: [8] Undefined variable: date E:\Demo\dulifenzu\Application\Runtime\Cache\Admin\89e99d0d2b381951e18954c1486fc18f.php 第 32 行.
NOTIC: [8] Undefined variable: date E:\Demo\dulifenzu\Application\Runtime\Cache\Admin\89e99d0d2b381951e18954c1486fc18f.php 第 32 行.
NOTIC: [8] Undefined variable: date E:\Demo\dulifenzu\Application\Runtime\Cache\Admin\89e99d0d2b381951e18954c1486fc18f.php 第 32 行.
INFO: Run Behavior\ParseTemplateBehavior [ RunTime:0.011742s ]
INFO: [ view_parse ] --END-- [ RunTime:0.009086s ]
INFO: [ view_filter ] --START--
INFO: Run Behavior\WriteHtmlCacheBehavior [ RunTime:0.000029s ]
INFO: [ view_filter ] --END-- [ RunTime:-0.001366s ]
INFO: [ app_end ] --START--
INFO: Run Behavior\ShowPageTraceBehavior [ RunTime:0.001014s ]
INFO: [ app_end ] --END-- [ RunTime:0.001123s ]

